2018-11-23 11:54 +08:00: Error: ENOENT: no such file or directory, scandir './server/mysql/api'
2018-11-23 11:54 +08:00:     at Object.readdirSync (fs.js:750:3)
2018-11-23 11:54 +08:00:     at Object.<anonymous> (E:\Space\network\H-Admin\server\mysql\api\index.js:2:18)
2018-11-23 11:54 +08:00:     at Module._compile (internal/modules/cjs/loader.js:689:30)
2018-11-23 11:54 +08:00:     at Object.Module._extensions..js (internal/modules/cjs/loader.js:700:10)
2018-11-23 11:54 +08:00:     at Module.load (internal/modules/cjs/loader.js:599:32)
2018-11-23 11:54 +08:00:     at tryModuleLoad (internal/modules/cjs/loader.js:538:12)
2018-11-23 11:54 +08:00:     at Function.Module._load (internal/modules/cjs/loader.js:530:3)
2018-11-23 11:54 +08:00:     at Module.require (internal/modules/cjs/loader.js:637:17)
2018-11-23 11:54 +08:00:     at require (internal/modules/cjs/helpers.js:20:18)
2018-11-23 11:54 +08:00:     at Object.<anonymous> (E:\Space\network\H-Admin\server\mysql\router\routers\user.js:3:13)
2018-11-23 11:54 +08:00: Error: ENOENT: no such file or directory, scandir './server/mysql/api'
2018-11-23 11:54 +08:00:     at Object.readdirSync (fs.js:750:3)
2018-11-23 11:54 +08:00:     at Object.<anonymous> (E:\Space\network\H-Admin\server\mysql\api\index.js:2:18)
2018-11-23 11:54 +08:00:     at Module._compile (internal/modules/cjs/loader.js:689:30)
2018-11-23 11:54 +08:00:     at Object.Module._extensions..js (internal/modules/cjs/loader.js:700:10)
2018-11-23 11:54 +08:00:     at Module.load (internal/modules/cjs/loader.js:599:32)
2018-11-23 11:54 +08:00:     at tryModuleLoad (internal/modules/cjs/loader.js:538:12)
2018-11-23 11:54 +08:00:     at Function.Module._load (internal/modules/cjs/loader.js:530:3)
2018-11-23 11:54 +08:00:     at Module.require (internal/modules/cjs/loader.js:637:17)
2018-11-23 11:54 +08:00:     at require (internal/modules/cjs/helpers.js:20:18)
2018-11-23 11:54 +08:00:     at Object.<anonymous> (E:\Space\network\H-Admin\server\mysql\router\routers\user.js:3:13)
2018-11-23 11:56 +08:00: Error: ENOENT: no such file or directory, scandir './Space/network/H-Admin/server/mysql/api'
2018-11-23 11:56 +08:00:     at Object.readdirSync (fs.js:750:3)
2018-11-23 11:56 +08:00:     at Object.<anonymous> (E:\Space\network\H-Admin\server\mysql\api\index.js:2:18)
2018-11-23 11:56 +08:00:     at Module._compile (internal/modules/cjs/loader.js:689:30)
2018-11-23 11:56 +08:00:     at Object.Module._extensions..js (internal/modules/cjs/loader.js:700:10)
2018-11-23 11:56 +08:00:     at Module.load (internal/modules/cjs/loader.js:599:32)
2018-11-23 11:56 +08:00:     at tryModuleLoad (internal/modules/cjs/loader.js:538:12)
2018-11-23 11:56 +08:00:     at Function.Module._load (internal/modules/cjs/loader.js:530:3)
2018-11-23 11:56 +08:00:     at Module.require (internal/modules/cjs/loader.js:637:17)
2018-11-23 11:56 +08:00:     at require (internal/modules/cjs/helpers.js:20:18)
2018-11-23 11:56 +08:00:     at Object.<anonymous> (E:\Space\network\H-Admin\server\mysql\router\routers\user.js:3:13)
2018-11-23 11:58 +08:00: Error: ENOENT: no such file or directory, scandir './server/mysql/api'
2018-11-23 11:58 +08:00:     at Object.readdirSync (fs.js:750:3)
2018-11-23 11:58 +08:00:     at Object.<anonymous> (E:\Space\network\H-Admin\server\mysql\api\index.js:2:18)
2018-11-23 11:58 +08:00:     at Module._compile (internal/modules/cjs/loader.js:689:30)
2018-11-23 11:58 +08:00:     at Object.Module._extensions..js (internal/modules/cjs/loader.js:700:10)
2018-11-23 11:58 +08:00:     at Module.load (internal/modules/cjs/loader.js:599:32)
2018-11-23 11:58 +08:00:     at tryModuleLoad (internal/modules/cjs/loader.js:538:12)
2018-11-23 11:58 +08:00:     at Function.Module._load (internal/modules/cjs/loader.js:530:3)
2018-11-23 11:58 +08:00:     at Module.require (internal/modules/cjs/loader.js:637:17)
2018-11-23 11:58 +08:00:     at require (internal/modules/cjs/helpers.js:20:18)
2018-11-23 11:58 +08:00:     at Object.<anonymous> (E:\Space\network\H-Admin\server\mysql\router\routers\user.js:3:13)
2018-11-23 12:04 +08:00: Error: ENOENT: no such file or directory, scandir './server/mysql/api'
2018-11-23 12:04 +08:00:     at Object.readdirSync (fs.js:750:3)
2018-11-23 12:04 +08:00:     at Object.<anonymous> (E:\Space\network\H-Admin\server\mysql\api\index.js:2:18)
2018-11-23 12:04 +08:00:     at Module._compile (internal/modules/cjs/loader.js:689:30)
2018-11-23 12:04 +08:00:     at Object.Module._extensions..js (internal/modules/cjs/loader.js:700:10)
2018-11-23 12:04 +08:00:     at Module.load (internal/modules/cjs/loader.js:599:32)
2018-11-23 12:04 +08:00:     at tryModuleLoad (internal/modules/cjs/loader.js:538:12)
2018-11-23 12:04 +08:00:     at Function.Module._load (internal/modules/cjs/loader.js:530:3)
2018-11-23 12:04 +08:00:     at Module.require (internal/modules/cjs/loader.js:637:17)
2018-11-23 12:04 +08:00:     at require (internal/modules/cjs/helpers.js:20:18)
2018-11-23 12:04 +08:00:     at Object.<anonymous> (E:\Space\network\H-Admin\server\mysql\router\routers\user.js:3:13)
